<?xml version="1.0" encoding="UTF-8"?>
<testng-results ignored="0" total="1" passed="1" failed="0" skipped="0">
  <reporter-output>
  </reporter-output>
  <suite started-at="2023-03-21T14:27:23 CET" name="Default suite" finished-at="2023-03-21T14:27:37 CET" duration-ms="14064">
    <groups>
    </groups>
    <test started-at="2023-03-21T14:27:23 CET" name="Default test" finished-at="2023-03-21T14:27:37 CET" duration-ms="14064">
      <class name="pPack.LoginTest">
        <test-method signature="sampleTest()[pri:0, instance:pPack.LoginTest@2d7275fc]" started-at="2023-03-21T14:27:23 CET" name="sampleTest" finished-at="2023-03-21T14:27:37 CET" duration-ms="13972" status="PASS">
          <reporter-output>
          </reporter-output>
        </test-method> <!-- sampleTest -->
        <test-method is-config="true" signature="closure()[pri:0, instance:pPack.LoginTest@2d7275fc]" started-at="2023-03-21T14:27:37 CET" name="closure" finished-at="2023-03-21T14:27:37 CET" duration-ms="7" status="PASS">
          <reporter-output>
          </reporter-output>
        </test-method> <!-- closure -->
      </class> <!-- pPack.LoginTest -->
    </test> <!-- Default test -->
  </suite> <!-- Default suite -->
</testng-results>
